Performing C SOURCE FILE Test CMAKE_HAVE_LIBC_PTHREAD failed with the following output:
Change Dir: /home/mauro/Documents/cpu-ray-tracing-engine/build/CMakeFiles/CMakeTmp

Run Build Command(s):/usr/bin/make -f Makefile cmTC_25e64/fast && /usr/bin/make  -f CMakeFiles/cmTC_25e64.dir/build.make CMakeFiles/cmTC_25e64.dir/build
make[1]: Entering directory '/home/mauro/Documents/cpu-ray-tracing-engine/build/CMakeFiles/CMakeTmp'
Building C object CMakeFiles/cmTC_25e64.dir/src.c.o
/usr/bin/x86_64-pc-linux-gnu-gcc-11.1.0 -DCMAKE_HAVE_LIBC_PTHREAD   -o CMakeFiles/cmTC_25e64.dir/src.c.o -c /home/mauro/Documents/cpu-ray-tracing-engine/build/CMakeFiles/CMakeTmp/src.c
Linking C executable cmTC_25e64
/usr/bin/cmake -E cmake_link_script CMakeFiles/cmTC_25e64.dir/link.txt --verbose=1
/usr/bin/x86_64-pc-linux-gnu-gcc-11.1.0 -rdynamic CMakeFiles/cmTC_25e64.dir/src.c.o -o cmTC_25e64 
/usr/bin/ld: CMakeFiles/cmTC_25e64.dir/src.c.o: in function `main':
src.c:(.text+0x3e): undefined reference to `pthread_create'
/usr/bin/ld: src.c:(.text+0x4a): undefined reference to `pthread_detach'
/usr/bin/ld: src.c:(.text+0x56): undefined reference to `pthread_cancel'
/usr/bin/ld: src.c:(.text+0x67): undefined reference to `pthread_join'
collect2: error: ld returned 1 exit status
make[1]: *** [CMakeFiles/cmTC_25e64.dir/build.make:99: cmTC_25e64] Error 1
make[1]: Leaving directory '/home/mauro/Documents/cpu-ray-tracing-engine/build/CMakeFiles/CMakeTmp'
make: *** [Makefile:127: cmTC_25e64/fast] Error 2


Source file was:
#include <pthread.h>

static void* test_func(void* data)
{
  return data;
}

int main(void)
{
  pthread_t thread;
  pthread_create(&thread, NULL, test_func, NULL);
  pthread_detach(thread);
  pthread_cancel(thread);
  pthread_join(thread, NULL);
  pthread_atfork(NULL, NULL, NULL);
  pthread_exit(NULL);

  return 0;
}

Determining if the function pthread_create exists in the pthreads failed with the following output:
Change Dir: /home/mauro/Documents/cpu-ray-tracing-engine/build/CMakeFiles/CMakeTmp

Run Build Command(s):/usr/bin/make -f Makefile cmTC_ab09c/fast && /usr/bin/make  -f CMakeFiles/cmTC_ab09c.dir/build.make CMakeFiles/cmTC_ab09c.dir/build
make[1]: Entering directory '/home/mauro/Documents/cpu-ray-tracing-engine/build/CMakeFiles/CMakeTmp'
Building C object CMakeFiles/cmTC_ab09c.dir/CheckFunctionExists.c.o
/usr/bin/x86_64-pc-linux-gnu-gcc-11.1.0   -DCHECK_FUNCTION_EXISTS=pthread_create -o CMakeFiles/cmTC_ab09c.dir/CheckFunctionExists.c.o -c /usr/share/cmake-3.21/Modules/CheckFunctionExists.c
Linking C executable cmTC_ab09c
/usr/bin/cmake -E cmake_link_script CMakeFiles/cmTC_ab09c.dir/link.txt --verbose=1
/usr/bin/x86_64-pc-linux-gnu-gcc-11.1.0  -DCHECK_FUNCTION_EXISTS=pthread_create -rdynamic CMakeFiles/cmTC_ab09c.dir/CheckFunctionExists.c.o -o cmTC_ab09c  -lpthreads 
/usr/bin/ld: cannot find -lpthreads
collect2: error: ld returned 1 exit status
make[1]: *** [CMakeFiles/cmTC_ab09c.dir/build.make:99: cmTC_ab09c] Error 1
make[1]: Leaving directory '/home/mauro/Documents/cpu-ray-tracing-engine/build/CMakeFiles/CMakeTmp'
make: *** [Makefile:127: cmTC_ab09c/fast] Error 2



